#
# A fatal error has been detected by the Java Runtime Environment:
#
#  SIGSEGV (0xb) at pc=0x00007f67e174db77, pid=21363, tid=24257
#
# JRE version: Java(TM) SE Runtime Environment (10.0.2+13) (build 10.0.2+13)
# Java VM: Java HotSpot(TM) 64-Bit Server VM (10.0.2+13, mixed mode, tiered, compressed oops, g1 gc, linux-amd64)
# Problematic frame:
# C  [libjimage.so+0x4b77]  ImageFileReader::find_location_index(char const*, unsigned long long*) const+0x27
#
# Core dump will be written. Default location: Core dumps may be processed with "/usr/share/apport/apport %p %s %c %d %P" (or dumping to /root/git/IHM_TP1_GROSDAILLON_BAMBA/core.21363)
#
# If you would like to submit a bug report, please visit:
#   http://bugreport.java.com/bugreport/crash.jsp
#

---------------  S U M M A R Y ------------

Command Line: -agentlib:jdwp=transport=dt_socket,suspend=y,address=localhost:41483 -javaagent:/root/eclipse/java-photon/eclipse/configuration/org.eclipse.osgi/232/0/.cp/lib/javaagent-shaded.jar -Dfile.encoding=UTF-8 Test

Host: Intel(R) Core(TM) i5-5200U CPU @ 2.20GHz, 2 cores, 1G, Linux Mint 18.3 Sylvia
Time: Thu Sep 27 22:40:42 2018 CEST elapsed time: 9803 seconds (0d 2h 43m 23s)

---------------  T H R E A D  ---------------

Current thread (0x00007f67bc00a000):  JavaThread "XToolkt-Shutdown-Thread" [_thread_in_vm, id=24257, stack(0x00007f67d0db4000,0x00007f67d0eb5000)]

Stack: [0x00007f67d0db4000,0x00007f67d0eb5000],  sp=0x00007f67d0eb2110,  free space=1016k
Native frames: (J=compiled Java code, A=aot compiled Java code, j=interpreted, Vv=VM code, C=native code)
C  [libjimage.so+0x4b77]  ImageFileReader::find_location_index(char const*, unsigned long long*) const+0x27
C  [libjimage.so+0x505a]  JIMAGE_FindResource+0xba
V  [libjvm.so+0x5f853e]